# JRE version: OpenJDK Runtime Environment (17.0.11) (build 17.0.11+0--11852314)
# Java VM: OpenJDK 64-Bit Server VM (17.0.11+0--11852314, mixed mode, tiered, compressed oops, compressed class ptrs, g1 gc, windows-amd64)
GC Precious Log:
 CPUs: 2 total, 2 available
 Memory: 3460M
 Large Page Support: Disabled
 NUMA Support: Disabled
 Compressed Oops: Enabled (32-bit)
 Heap Region Size: 1M
 Heap Min Capacity: 8M
 Heap Initial Capacity: 56M
 Heap Max Capacity: 2G
 Pre-touch: Disabled
 Parallel Workers: 2
 Concurrent Workers: 1
 Concurrent Refinement Workers: 2
 Periodic GC: Disabled
Heap:
 garbage-first heap   total 214016K, used 121241K [0x0000000080000000, 0x0000000100000000)
  region size 1024K, 4 young (4096K), 4 survivors (4096K)
 Metaspace       used 109984K, committed 110720K, reserved 1179648K
  class space    used 14853K, committed 15232K, reserved 1048576K
GC Heap History (20 events):
Event: 29.353 GC heap after
{Heap after GC invocations=53 (full 0):
 garbage-first heap   total 196608K, used 68747K [0x0000000080000000, 0x0000000100000000)
  region size 1024K, 1 young (1024K), 1 survivors (1024K)
 Metaspace       used 82752K, committed 83264K, reserved 1179648K
  class space    used 11087K, committed 11328K, reserved 1048576K
}
Event: 31.962 GC heap before
{Heap before GC invocations=53 (full 0):
 garbage-first heap   total 196608K, used 145547K [0x0000000080000000, 0x0000000100000000)
  region size 1024K, 76 young (77824K), 1 survivors (1024K)
 Metaspace       used 87584K, committed 88256K, reserved 1179648K
  class space    used 11789K, committed 12096K, reserved 1048576K
}
Event: 31.982 GC heap after
{Heap after GC invocations=54 (full 0):
 garbage-first heap   total 196608K, used 72155K [0x0000000080000000, 0x0000000100000000)
  region size 1024K, 5 young (5120K), 5 survivors (5120K)
 Metaspace       used 87584K, committed 88256K, reserved 1179648K
  class space    used 11789K, committed 12096K, reserved 1048576K
}
Event: 35.134 GC heap before
{Heap before GC invocations=54 (full 0):
 garbage-first heap   total 196608K, used 146907K [0x0000000080000000, 0x0000000100000000)
  region size 1024K, 78 young (79872K), 5 survivors (5120K)
 Metaspace       used 93495K, committed 94208K, reserved 1179648K
  class space    used 12742K, committed 13120K, reserved 1048576K
}
Event: 35.151 GC heap after
{Heap after GC invocations=55 (full 0):
 garbage-first heap   total 196608K, used 75760K [0x0000000080000000, 0x0000000100000000)
  region size 1024K, 8 young (8192K), 8 survivors (8192K)
 Metaspace       used 93495K, committed 94208K, reserved 1179648K
  class space    used 12742K, committed 13120K, reserved 1048576K
}
Event: 37.538 GC heap before
{Heap before GC invocations=55 (full 0):
 garbage-first heap   total 196608K, used 151536K [0x0000000080000000, 0x0000000100000000)
  region size 1024K, 82 young (83968K), 8 survivors (8192K)
 Metaspace       used 99600K, committed 100352K, reserved 1179648K
  class space    used 13627K, committed 13952K, reserved 1048576K
}
Event: 37.560 GC heap after
{Heap after GC invocations=56 (full 0):
 garbage-first heap   total 196608K, used 80090K [0x0000000080000000, 0x0000000100000000)
  region size 1024K, 8 young (8192K), 8 survivors (8192K)
 Metaspace       used 99600K, committed 100352K, reserved 1179648K
  class space    used 13627K, committed 13952K, reserved 1048576K
}
Event: 40.781 GC heap before
{Heap before GC invocations=57 (full 0):
 garbage-first heap   total 196608K, used 159962K [0x0000000080000000, 0x0000000100000000)
  region size 1024K, 82 young (83968K), 8 survivors (8192K)
 Metaspace       used 104626K, committed 105344K, reserved 1179648K
  class space    used 14243K, committed 14592K, reserved 1048576K
}
Event: 40.822 GC heap after
{Heap after GC invocations=58 (full 0):
 garbage-first heap   total 196608K, used 89383K [0x0000000080000000, 0x0000000100000000)
  region size 1024K, 11 young (11264K), 11 survivors (11264K)
 Metaspace       used 104626K, committed 105344K, reserved 1179648K
  class space    used 14243K, committed 14592K, reserved 1048576K
}
Event: 40.841 GC heap before
{Heap before GC invocations=58 (full 0):
 garbage-first heap   total 196608K, used 90407K [0x0000000080000000, 0x0000000100000000)
  region size 1024K, 12 young (12288K), 11 survivors (11264K)
 Metaspace       used 104626K, committed 105344K, reserved 1179648K
  class space    used 14243K, committed 14592K, reserved 1048576K
}
Event: 40.865 GC heap after
{Heap after GC invocations=59 (full 0):
 garbage-first heap   total 196608K, used 89600K [0x0000000080000000, 0x0000000100000000)
  region size 1024K, 1 young (1024K), 1 survivors (1024K)
 Metaspace       used 104626K, committed 105344K, reserved 1179648K
  class space    used 14243K, committed 14592K, reserved 1048576K
}
Event: 42.180 GC heap before
{Heap before GC invocations=59 (full 0):
 garbage-first heap   total 196608K, used 156160K [0x0000000080000000, 0x0000000100000000)
  region size 1024K, 66 young (67584K), 1 survivors (1024K)
 Metaspace       used 104715K, committed 105472K, reserved 1179648K
  class space    used 14246K, committed 14592K, reserved 1048576K
}
Event: 42.189 GC heap after
{Heap after GC invocations=60 (full 0):
 garbage-first heap   total 196608K, used 92536K [0x0000000080000000, 0x0000000100000000)
  region size 1024K, 4 young (4096K), 4 survivors (4096K)
 Metaspace       used 104715K, committed 105472K, reserved 1179648K
  class space    used 14246K, committed 14592K, reserved 1048576K
}
Event: 43.447 GC heap before
{Heap before GC invocations=60 (full 0):
 garbage-first heap   total 196608K, used 122232K [0x0000000080000000, 0x0000000100000000)
  region size 1024K, 35 young (35840K), 4 survivors (4096K)
 Metaspace       used 105636K, committed 106368K, reserved 1179648K
  class space    used 14386K, committed 14720K, reserved 1048576K
}
Event: 43.459 GC heap after
{Heap after GC invocations=61 (full 0):
 garbage-first heap   total 196608K, used 94038K [0x0000000080000000, 0x0000000100000000)
  region size 1024K, 6 young (6144K), 6 survivors (6144K)
 Metaspace       used 105636K, committed 106368K, reserved 1179648K
  class space    used 14386K, committed 14720K, reserved 1048576K
}
Event: 46.542 GC heap before
{Heap before GC invocations=62 (full 0):
 garbage-first heap   total 196608K, used 179030K [0x0000000080000000, 0x0000000100000000)
  region size 1024K, 65 young (66560K), 6 survivors (6144K)
 Metaspace       used 107549K, committed 108224K, reserved 1179648K
  class space    used 14574K, committed 14912K, reserved 1048576K
}
Event: 46.613 GC heap after
{Heap after GC invocations=63 (full 0):
 garbage-first heap   total 214016K, used 125282K [0x0000000080000000, 0x0000000100000000)
  region size 1024K, 9 young (9216K), 9 survivors (9216K)
 Metaspace       used 107549K, committed 108224K, reserved 1179648K
  class space    used 14574K, committed 14912K, reserved 1048576K
}
Event: 46.802 GC heap before
{Heap before GC invocations=63 (full 0):
 garbage-first heap   total 214016K, used 131426K [0x0000000080000000, 0x0000000100000000)
  region size 1024K, 10 young (10240K), 9 survivors (9216K)
 Metaspace       used 107653K, committed 108352K, reserved 1179648K
  class space    used 14579K, committed 14912K, reserved 1048576K
}
Event: 46.824 GC heap after
{Heap after GC invocations=64 (full 0):
 garbage-first heap   total 214016K, used 118784K [0x0000000080000000, 0x0000000100000000)
  region size 1024K, 1 young (1024K), 1 survivors (1024K)
 Metaspace       used 107653K, committed 108352K, reserved 1179648K
  class space    used 14579K, committed 14912K, reserved 1048576K
}
Event: 53.000 GC heap before
{Heap before GC invocations=64 (full 0):
 garbage-first heap   total 214016K, used 160768K [0x0000000080000000, 0x0000000100000000)
  region size 1024K, 43 young (44032K), 1 survivors (1024K)
 Metaspace       used 109984K, committed 110720K, reserved 1179648K
  class space    used 14853K, committed 15232K, reserved 1048576K
}

